build/app/intermediates/manifest_merge_blame_file/release/manifest-merger-blame-release-report.txt
1<?xml version="1.0" encoding="utf-8"?>
2<manifest xmlns:android="http://schemas.android.com/apk/res/android"
3    package="com.pandapanda.mlocator.mlocator"
4    android:versionCode="6"
5    android:versionName="1.0.0" >
6
7    <uses-sdk
8        android:minSdkVersion="26"
8-->src/main/AndroidManifest.xml
9        android:targetSdkVersion="30" />
9-->src/main/AndroidManifest.xml
10
11    <uses-permission android:name="android.permission.ACCESS_FINE_LOCATION" />
11-->src/main/AndroidManifest.xml:44:5-79
11-->src/main/AndroidManifest.xml:44:22-76
12    <uses-permission android:name="android.permission.ACCESS_COARSE_LOCATION" /> <!-- Include required permissions for Google Maps API to run. -->
12-->[:location] AndroidManifest.xml:7:5-81
12-->[:location] AndroidManifest.xml:7:22-78
13    <uses-permission android:name="android.permission.ACCESS_NETWORK_STATE" />
13-->[com.google.android.gms:play-services-maps:17.0.0] AndroidManifest.xml:23:5-79
13-->[com.google.android.gms:play-services-maps:17.0.0] AndroidManifest.xml:23:22-76
14    <uses-permission android:name="android.permission.INTERNET" />
14-->[com.google.android.gms:play-services-maps:17.0.0] AndroidManifest.xml:24:5-67
14-->[com.google.android.gms:play-services-maps:17.0.0] AndroidManifest.xml:24:22-64
15
16    <uses-feature
16-->[com.google.android.gms:play-services-maps:17.0.0] AndroidManifest.xml:26:5-28:35
17        android:glEsVersion="0x00020000"
17-->[com.google.android.gms:play-services-maps:17.0.0] AndroidManifest.xml:27:9-41
18        android:required="true" />
18-->[com.google.android.gms:play-services-maps:17.0.0] AndroidManifest.xml:28:9-32
19
20    <application
20-->src/main/AndroidManifest.xml:3:4-43:19
21        android:appComponentFactory="androidx.core.app.CoreComponentFactory"
21-->[androidx.core:core:1.3.2] AndroidManifest.xml:24:18-86
22        android:extractNativeLibs="false"
23        android:icon="@mipmap/launcher_icon"
23-->src/main/AndroidManifest.xml:5:9-45
24        android:label="McFinder" >
24-->src/main/AndroidManifest.xml:4:9-33
25        <activity
25-->src/main/AndroidManifest.xml:6:9-34:20
26            android:name="com.pandapanda.mlocator.mlocator.MainActivity"
26-->src/main/AndroidManifest.xml:7:13-41
27            android:configChanges="orientation|keyboardHidden|keyboard|screenSize|smallestScreenSize|locale|layoutDirection|fontScale|screenLayout|density|uiMode"
27-->src/main/AndroidManifest.xml:10:13-163
28            android:hardwareAccelerated="true"
28-->src/main/AndroidManifest.xml:11:13-47
29            android:launchMode="singleTop"
29-->src/main/AndroidManifest.xml:8:13-43
30            android:theme="@style/LaunchTheme"
30-->src/main/AndroidManifest.xml:9:13-47
31            android:windowSoftInputMode="adjustResize" >
31-->src/main/AndroidManifest.xml:12:13-55
32
33            <!--
34                 Specifies an Android theme to apply to this Activity as soon as
35                 the Android process has started. This theme is visible to the user
36                 while the Flutter UI initializes. After that, this theme continues
37                 to determine the Window background behind the Flutter UI.
38            -->
39            <meta-data
39-->src/main/AndroidManifest.xml:17:13-20:17
40                android:name="io.flutter.embedding.android.NormalTheme"
40-->src/main/AndroidManifest.xml:18:15-70
41                android:resource="@style/NormalTheme" />
41-->src/main/AndroidManifest.xml:19:15-52
42            <!--
43                 Displays an Android View that continues showing the launch screen
44                 Drawable until Flutter paints its first frame, then this splash
45                 screen fades out. A splash screen is useful to avoid any visual
46                 gap between the end of Android's launch screen and the painting of
47                 Flutter's first frame.
48            -->
49            <meta-data
49-->src/main/AndroidManifest.xml:26:13-29:17
50                android:name="io.flutter.embedding.android.SplashScreenDrawable"
50-->src/main/AndroidManifest.xml:27:15-79
51                android:resource="@drawable/launch_background" />
51-->src/main/AndroidManifest.xml:28:15-61
52
53            <intent-filter>
53-->src/main/AndroidManifest.xml:30:13-33:29
54                <action android:name="android.intent.action.MAIN" />
54-->src/main/AndroidManifest.xml:31:17-68
54-->src/main/AndroidManifest.xml:31:25-66
55
56                <category android:name="android.intent.category.LAUNCHER" />
56-->src/main/AndroidManifest.xml:32:17-76
56-->src/main/AndroidManifest.xml:32:27-74
57            </intent-filter>
58        </activity>
59        <!--
60             Don't delete the meta-data below.
61             This is used by the Flutter tool to generate GeneratedPluginRegistrant.java
62        -->
63        <meta-data
63-->src/main/AndroidManifest.xml:37:9-39:33
64            android:name="flutterEmbedding"
64-->src/main/AndroidManifest.xml:38:13-44
65            android:value="2" />
65-->src/main/AndroidManifest.xml:39:13-30
66        <meta-data
66-->src/main/AndroidManifest.xml:40:9-42:70
67            android:name="com.google.android.geo.API_KEY"
67-->src/main/AndroidManifest.xml:41:13-58
68            android:value="AIzaSyAQ7cjyXO5qkbUA_QBIVvYtaNEse8i_IJA" />
68-->src/main/AndroidManifest.xml:42:13-68
69
70        <activity
70-->[:url_launcher_android] AndroidManifest.xml:8:9-11:74
71            android:name="io.flutter.plugins.urllauncher.WebViewActivity"
71-->[:url_launcher_android] AndroidManifest.xml:9:13-74
72            android:exported="false"
72-->[:url_launcher_android] AndroidManifest.xml:10:13-37
73            android:theme="@android:style/Theme.NoTitleBar.Fullscreen" />
73-->[:url_launcher_android] AndroidManifest.xml:11:13-71
74
75        <service
75-->[:location] AndroidManifest.xml:11:9-15:56
76            android:name="com.lyokone.location.FlutterLocationService"
76-->[:location] AndroidManifest.xml:12:13-71
77            android:enabled="true"
77-->[:location] AndroidManifest.xml:13:13-35
78            android:exported="false"
78-->[:location] AndroidManifest.xml:14:13-37
79            android:foregroundServiceType="location" /> <!-- Needs to be explicitly declared on P+ -->
79-->[:location] AndroidManifest.xml:15:13-53
80        <uses-library
80-->[com.google.android.gms:play-services-maps:17.0.0] AndroidManifest.xml:33:9-35:40
81            android:name="org.apache.http.legacy"
81-->[com.google.android.gms:play-services-maps:17.0.0] AndroidManifest.xml:34:13-50
82            android:required="false" />
82-->[com.google.android.gms:play-services-maps:17.0.0] AndroidManifest.xml:35:13-37
83
84        <activity
84-->[com.google.android.gms:play-services-base:17.0.0] AndroidManifest.xml:23:9-26:75
85            android:name="com.google.android.gms.common.api.GoogleApiActivity"
85-->[com.google.android.gms:play-services-base:17.0.0] AndroidManifest.xml:24:13-79
86            android:exported="false"
86-->[com.google.android.gms:play-services-base:17.0.0] AndroidManifest.xml:25:13-37
87            android:theme="@android:style/Theme.Translucent.NoTitleBar" />
87-->[com.google.android.gms:play-services-base:17.0.0] AndroidManifest.xml:26:13-72
88
89        <meta-data
89-->[com.google.android.gms:play-services-basement:17.0.0] AndroidManifest.xml:23:9-25:69
90            android:name="com.google.android.gms.version"
90-->[com.google.android.gms:play-services-basement:17.0.0] AndroidManifest.xml:24:13-58
91            android:value="@integer/google_play_services_version" />
91-->[com.google.android.gms:play-services-basement:17.0.0] AndroidManifest.xml:25:13-66
92    </application>
93
94</manifest>